An innovative interdisciplinary contribution that merges the ideas presented in the provided abstracts could involve the development of a novel computational framework to analyze and visualize complex data sets arising from atomic-scale electron microscopy, with applications in astrophysics, particularly regarding structure identification in stellar populations.

### Proposed Contribution: **"Astro-Microscopy Clustering Framework (AMCF)"**

#### Concept Overview:
The Astro-Microscopy Clustering Framework (AMCF) leverages advanced electron microscopy techniques, particularly ptychography combined with pixel array detectors, to obtain high-resolution structural data from materials like two-dimensional systems (such as MoS2). This structural information can be correlated with large astrophysical data sets, especially those involving stellar classifications within the Milky Way's bulge.

### Key Components of AMCF:

1. **Data Acquisition and Processing**:
   - Utilize aberration-corrected electron microscopy for atomic-scale imaging, capturing detailed structural information of materials.
   - Integrate this imaging data with high-resolution astronomical surveys (e.g., from WISE) to assess the morphological characteristics of stellar populations.

2. **Multi-Scale Model-Based Clustering**:
   - Extend the proposed latent class model for mixed data, where observations from electron microscopy (characterizing material defects at an atomic level) and astrophysical observations (stellar distribution and density) are factored into independent blocks of variables.
   - Implement clustering algorithms that respect the intrinsic dimensionality of both material and astronomical data, allowing for separation and identification of significant structures in both realms.

3. **Normalization for Enhanced Interpretability**:
   - Adapt the l2 normalization technique discussed in the deep clustering context to ensure separable and compact representations of structural data, making analysis of defect characteristics in nanomaterials more interpretable.
   - Establish a comparative framework where observations from material sciences provide insight into astrophysical phenomena related to variation in stellar density and structure.

4. **Dynamic Value Function Applications**:
   - Incorporate DDCMs to estimate evolutionary paths of material structures based on current electron microscopy data—this could help in modeling how stellar populations evolve in response to morphological changes within molecular clouds or galactic structures.
   - Contrast the expected value function with the integrated value function as a means to derive insights on the relationship between observed distributions of celestial objects and their underlying material compositions.

5. **Unsupervised Anomaly Detection**:
   - Develop an unsupervised anomaly detection method that uses the deep auto-encoder frameworks to identify unique or unexpected patterns in both materials from electron microscopy and stellar distributions derived from astrophysical imagery.
   - Identify anomalies in stellar populations that may indicate new cosmic structures analogous to defects in the crystalline structures of two-dimensional materials.

### Outcomes and Implications:
The AMCF could have profound implications for both material science and astrophysics. By creating a common analytical framework capable of interpreting high-resolution images from fundamentally different domains, researchers could unlock new insights into the structures of nanomaterials and the dynamics of celestial bodies. This cross-disciplinary approach could enhance understanding of not only the properties of materials at the atomic level but also the composition and evolution of our galactic neighborhood.
To create an interdisciplinary contribution that synthesizes the ideas from the provided abstracts, we propose a novel approach that integrates gene regulation in blood cell development with advanced multilabel classification techniques and machine learning-based behavioral inference. This approach could enhance the understanding of complex biological processes governing neurodevelopmental disorders, such as Autism Spectrum Disorder (ASD), by analyzing gene expression patterns in conjunction with environmental factors and behavioral data.

### Proposed Interdisciplinary Contribution:
**Title:** "Integrative Systems Biology and AI: Modeling Gene-Environment Interactions in Neurodevelopmental Disorders Using Advanced Classification Techniques and Reinforcement Learning"

#### Objectives:
1. **Gene Regulation and Expression Analysis:** Utilize the novel expression pattern approach identified in blood cell lineage studies to identify key regulatory genes involved in neuroinflammation and prenatal stress impacts on glial cells. This will help understand the molecular underpinnings of ASD. The machine learning framework could optimize the identification of these genes by detecting patterns across large gene expression datasets from various developmental stages, similar to how key regulators were identified in the blood cell studies.

2. **Multilabel Classification of Genomic Data:** Implement advanced multilabel classification techniques to handle multi-dimensional genomic datasets effectively, particularly focusing on imbalanced representations of specific gene profiles associated with ASD. The proposed SCUMBLE metrics can evaluate the classification quality of difficult labels (e.g., genes that are underrepresented but crucial for understanding ASD). 

3. **Modeling Gene-Environment Interactions:** Develop a holistic model incorporating both genomic data and environmental stress factors that lead to neurodevelopmental issues. This model could leverage Long Short Term Memory (LSTM) networks to dynamically analyze time series gene expression data while accounting for prenatal stress exposure, enabling a deeper understanding of the temporal effects of such exposures on glial function.

4. **Reinforcement Learning for Behavioral Predictions:** Use reinforcement learning algorithms to simulate and predict behavioral outcomes based on neurodevelopmental patterns identified through earlier steps in the research. By training agents on simulated environments that mimic real-world biological interactions, we can derive insights into how specific genetic expressions correlate with behavioral manifestations of ASD.

5. **Implementation of the Dirac Delta Function in Modeling:** Utilize the expanded real numbers and the Dirac delta function as a mathematical framework to model gene expression bursts related to environmental stimuli. By representing gene activity as hyperreal-valued functions tied to real-world observations (e.g., stress responses), we may enhance biological interpretations of data and model complex interactions between genes and behaviors.

#### Expected Outcomes:
- Identification of novel key regulatory genes linked to ASD and their relationship with prenatal environmental stressors.
- A robust multilabel classification model that allows for better prediction of neurodevelopmental outcomes based on genomic data.
- Advanced understanding of behavioral implications tied to gene-environment interactions, aiding the creation of targeted early interventions.
- A mathematical basis for describing and exploring abrupt biological changes in gene expression, providing a novel tool for systems biology applications.

#### Conclusion:
By bridging developments in gene regulation, machine learning classification techniques, behavioral modeling, and theoretical mathematics, this interdisciplinary approach could pioneer new avenues in understanding the etiology of neurodevelopmental disorders. It not only enhances the scientific comprehension of ASD but also lays the groundwork for more precise diagnostic and therapeutic strategies in clinical settings.
An interdisciplinary contribution that combines the ideas presented in the provided abstracts could focus on enhancing online learning algorithms for contextual bandits by integrating fairness considerations within the context of biological systems, particularly in studying the mating choices observed in female turkeys. This contribution could be titled "Fairness-Conscious Online Learning Algorithms for Modeling Biological Choices: An Application to Female Turkey Selection Preferences."

### Key Components of the Contribution:

1. **Combined Framework**: Develop a hybrid model that merges the online learning framework for contextual bandits with the probabilistic modeling of subject movements through stages, as seen in the turkey selection study. This could involve using contextual bandit algorithms that integrate the learning of fairness metrics, which align with how female turkeys select males under constraints of fairness (similarity) and optimality (reward).

2. **Integrating Fuzzy Optimization**: Leverage the fuzzy optimization techniques to handle the uncertainty and variability in the mate selection process. The nonlinear fuzzy optimization could be used to dynamically model the elicited preferences of female turkeys as they evaluate potential mates under various contextual factors. Optimality conditions derived from fuzzy optimization would provide insights into the nuanced decision-making scenario during these selections.

3. **Network Theory and Synchronization**: Utilize principles from explosive synchronization (ES) to create a network-based model where female turkeys’ choices can trigger synchronized behavior amongst different groups. For example, if certain turkeys show a preference for specific traits, this could induce a phase synchronization effect in the overall population dynamics, observed as changes in mating strategies. Investigating how multiplexing layers in networks can control the synchronization of choices could yield insights into collective mate selection behaviors.

4. **Improved Fairness Metrics**: Extend the techniques for learning fairness constraints in online learning to account for biological relevance. In particular, define and learn a similarity metric that represents the genetic and phenotypic traits important in mate selection. This can help ensure that the learning algorithm maintains equity in mate access while optimizing for other relevant outcomes.

5. **Deep Averaging Networks for Enhanced Learning**: Incorporate the deep averaging network approach for variant calling to analyze and predict the outcomes of female turkey choices. By representing multiple traits and genetic factors as input sequences, the model can efficiently learn how specific combinations affect mate selection, leading to more informed predictions about selection outcomes.

6. **Validation through Simulation and Real-World Data**: Conduct simulations and apply the developed framework to real-world data from turkey mating studies to validate the proposed model. Utilize statistical tests to measure the success of the model in predicting mating choices while accounting for fairness violations and the optimization of selection outcomes.

### Conclusion:
By synthesizing these interdisciplinary ideas, the proposed framework could advance our understanding of both fairness in online learning and biological decision-making processes, particularly in animal behavior studies. This would not only address the open problems identified in online learning (such as obtaining first-order regret bounds) but also provide a comprehensive model for understanding complex mate selection behaviors in turkeys and potentially other species.

===================
To synthesize the concepts from the provided abstracts, a novel interdisciplinary contribution could be proposed in the field of **computational biology and machine learning**, specifically focusing on **predictive modeling of gene expression and evolutionary dynamics in various bacterial genomes.**

### Proposed Interdisciplinary Contribution

**Title:** **Integrative Model for Gene Expression Dynamics through Feature Generation and High-Dimensional State Space Analysis**

**Concept Overview:**
The goal of this contribution is to develop an advanced computational framework that combines insights from condensed matter physics, machine learning, and evolutionary biology. The framework seeks to understand and predict gene expression dynamics in bacterial genomes by leveraging characteristic lengths identified in the genetic sequences and applying sophisticated statistical modeling techniques.

### Key Components:

1. **Characterization of Genetic Structures:**
   - Utilize the characteristic lengths identified in bacterial genomes (10-20 kb) to define relevant genomic features for modeling efforts. This could involve mapping GC content correlations and synteny patterns onto a feature space where these lengths can be employed as input variables.

2. **Machine Learning Feature Generation:**
   - Implement the feature generation algorithm described in the abstracts, which utilizes external knowledge bases to enrich model inputs. By generating new features based on the genomic attributes identified in bacterial DNA, the model can be trained to better reflect the underlying regulatory networks governing gene expression.
   - The algorithm can be parameterized to account for variations in gene expression due to environmental factors, leveraging knowledge about the evolutionary context of the bacteria involved.

3. **Dynamic Discrete Choice Modeling:**
   - Adapt the novel two-stage estimator for state-identified structural parameters to the biological context of bacterial evolution, where the state space includes high-dimensional data derived from various genomic features. This allows for a more nuanced understanding of how gene expression responds to evolutionary pressures and molecular interactions.
   - Employ machine learning tools in the first stage to estimate the policy functions for gene expression given the external influences, and apply the moment inequality approach to estimate parameters reflecting the evolutionary dynamics.

4. **Constraint Satisfaction in Evolutionary Contexts:** 
   - Integrate the online convex optimization techniques for penalizing constraint violations to model constraints related to biological feasibility (e.g., limits on expression levels based on cellular resource availability). This allows for a dynamic approach in predicting gene expression while accounting for real-time constraints related to cellular metabolism and replication.

5. **Interdisciplinary Collaboration:**
   - Collaborate with biologists to validate the genomic features identified through machine learning algorithms against empirical data, ensuring that the models developed are grounded in biological reality. This could take the form of experiments that test predictions about gene interactions, expressions under varying environmental conditions, etc.
   - Connect insights from the physics domain concerning the behavior of complex molecules (like DNA) to the evolutionary modeling, examining how structural stability might correlate with gene expression patterns.

### Expected Outcomes:

- Development of a robust predictive model that significantly enhances our understanding of bacterial gene expression dynamics in relation to evolutionary biology.
- Insights into the universal characteristics of bacterial genomes that can be generalized across other organisms, potentially leading to broader applications in synthetic biology and biomedicine.
- Improved methodologies for analyzing genetic data, leading to better informed empirical research and therapeutic strategies based on genomic modifications.

This interdisciplinary approach harnesses advances in computational techniques and physical understanding of genetic materials, providing novel insights into the complexities of bacterial evolution and function.

===================
The interdisciplinary contribution I propose combines insights from the fields of probabilistic strategy analysis in lotteries, Granger causality modeling, graph convolutional networks (particularly with regard to directed graphs), and the examination of complex networks and their non-normality. 

### Proposed Contribution: A Graph-Based Model for Lottery Strategy and Economic Prediction 

1. **Overview**: Develop a graph-based framework that models the purchasing behavior of lottery tickets as a directed network. This framework would allow for deeper analysis of how individual purchasing choices (nodes) influence the overall dynamics of jackpot winning distributions and strategies like "buying the pot." Additionally, this model could integrate economic variables that influence betting behavior, using Granger causality connects to establish relationships between various economic predictors (like consumer confidence, income levels, etc.) and lottery purchasing trends.

2. **Mathematical Modelling**: Adapt the modified Kolmogorovian probability model introduced in the causality paper to express the probability distributions not just as independent events but as interrelated nodes within a directed graph. This would allow for the modeling of how changes in one node (e.g., a significant jackpot) can cause fluctuations in others (e.g., a surge in ticket sales from individuals or syndicates).

3. **Graph Convolutional Networks for Analysis**: Use motif-based graph convolutional neural networks (CNNs) to analyze the structures of the ticket-purchasing network. By employing local motifs, you can capture complex relationships and community structures within the lottery ticket buyers, and assess how these affect the expected returns from a syndicate's strategy. 

4. **Exploring Non-Normality**: Integrate findings from the study on non-normal networks by assessing how non-standard distributional behavior in ticket purchasing may manifest. For instance, fluctuations in ticket sales driven by social media trends or economic events could be modeled through non-normal processes to better understand the amplification of effects and the stability of individual purchasing behaviors.

5. **Implications for Lottery Design and Economic Forecasting**: The final output of this research can guide better lottery design by ensuring a fairer distribution of winnings based on empirical evidence of purchasing behaviors and network interactions. Furthermore, it could improve economic forecasting models about consumer behavior in lottery purchases, with implications for both policymakers and the gaming industry.

By employing a graph-theoretic lens and integrating these diverse fields, this contribution aims to both enrich the analysis of lottery strategies and develop a robust framework for predicting economic behavior related to lottery engagements. This could also inspire further research into related fields, such as the impacts of social networks on consumer behavior in various sectors.

=== 2025-02-05 04:57:22 ===

To create an interdisciplinary contribution that combines the ideas from the provided abstracts, we can develop a framework that integrates concepts from nonlinear dynamics, contextuality in cognitive science, competitive behavior influenced by social norms, ontology engineering, and hybrid optimization algorithms. This interconnected approach not only enhances theoretical insights but can also have practical applications across various fields.

**Proposal: A Unified Framework for Analyzing Contextual and Behavioral Dynamics through Hybrid Computational Models**

1. **Foundation in Dynamical Systems:**
   We start with the phase models and reduction methods highlighted in the study of localized traveling-wave solutions and dynamical reductions of coupled oscillators. By utilizing these mathematical frameworks, we can analyze the synchronization and dynamical behavior of coupled systems present in cognitive decision-making processes. Investigating how individuals behave in competitive environments through the lens of phase reduction can yield insights into synchronization phenomena in group behavior.

2. **Incorporation of Contextuality:**
   The role of contextuality from quantum physics can be integrated by leveraging the notion that individual decisions in competitive scenarios are influenced by the context (e.g., public observability of competition). Using hypergraph semantics allows for flexible representation of different measurement contexts, thereby adapting competition dynamics to account for social image concerns, as suggested in the women’s participation study.

3. **Behavioral Insights and Computational Optimization:**
   The findings regarding women's avoidance of competition can be modeled alongside optimization approaches, utilizing hybrid evolutionary algorithms to simulate and optimize interventions that encourage participation through prosocial incentives. For example, modifying competition structures using insights about social norms and motivational incentives could be represented as a multi-objective optimization problem, akin to the Traveling Thief Problem, addressing both individual success and collective social benefits.

4. **Ontology Engineering and Contextual Representation:**
   To effectively manage and analyze the diverse data generated by the model, we can develop an enhanced ontology framework that incorporates the contextual factors influencing competitive behavior. This ontology can facilitate the annotation of data related to different competitive contexts, allowing clearer communication and understanding of how various factors affect outcomes.

5. **Practical Applications and Algorithm Development:**
   The framework could yield new algorithms that utilize insights from dynamical systems theory and behavioral science to design competitive environments that enhance participation (especially among underrepresented groups). These algorithms would continuously evaluate and adapt the competitive structure based on participants' responses, fostering environments where prosocial incentives effectively reduce the costs associated with competition.

6. **Exploration of Novel Indicators and Feedback Mechanisms:**
   The hybrid optimization approach can generate novel indicators for assessing the effectiveness of different competitive strategies. These indicators could consider both performance outcomes and participant inclusion metrics, allowing for real-time adjustment of policies and practices to promote gender equality and overall participation in competitive scenarios.

In summary, this proposed framework not only leverages a combination of concepts from various disciplines, including mathematics, psychology, social science, and computer science, but also addresses real-world issues related to competition and participation dynamics. By providing a comprehensive, interdisciplinary tool for understanding and influencing behavior in competitive environments, we can create pathways for enhanced participation, equity, and improved decision-making strategies across numerous applications.

=== 2025-02-05 04:59:20 ===

To create an interdisciplinary contribution that combines the ideas from the provided abstracts, we can propose a novel approach in computational biology that integrates concepts from machine learning, statistical analysis, and molecular dynamics simulation. Here’s the proposal:

### Title: Cross-Disciplinary Models for Predictive Genomic Analysis through Reservoir Computing and Efficient Algorithms

### Abstract:
This study presents an innovative computational method that leverages the principles of reservoir computing, hypercubic quantization hashing, and stochastic finite temperature Kohn-Sham density functional theory (FT-KS-DFT) to enhance genomic sequence analysis and the prediction of DNA methylation patterns. By applying reservoir computing as a dynamic model for understanding the relationships among genomic sequences with spatial and biological relevance, we can identify patterns of gene expression and regulation with greater accuracy, even under conditions of data contamination common in biological datasets.

Furthermore, we introduce a hybrid method that utilizes the hashing framework to enhance the retrieval speed of genomic sequences. This method will have the potential to preserve the integrity of results despite the complexity introduced by mutational variances among sequences. Building upon the methodologies of codispersion analysis, we will integrate tools to assess the spatial covariation between gene expression data and environmental factors, enabling a multifaceted approach to understanding ecological genomics. 

We will validate our findings using extensive Monte Carlo simulations and real-world datasets to explore the robustness of our hybrid approach against noise and data contamination. Finally, we aim to provide insights into the influence of genomic neighborhoods on methylation states using our adapted stochastic automata networks (SAN) informed by advanced computational techniques known to improve sample space exploration in statistical analysis.

### Key Contributions:
1. **Reservoir Computing for Genomic Patterns**: Utilize reservoir computing to identify complex relationships in genomic data without the need for explicit embedding, facilitating a better understanding of gene expression dynamics influenced by environmental stochasticity.

2. **Hashing and Efficient Sequence Retrieval**: Implement hashing techniques that allow for rapid genomic sequence retrieval under significant mutations, enhancing the scalability and performance of bioinformatics tools in the era of high-throughput sequencing.

3. **Stochastic Simulation with FT-KS-DFT**: Adapt stochastic methods from finite temperature Kohn-Sham density functional theory to model the thermodynamic properties of methylation patterns, establishing a link between physical sciences and biological processes.

4. **Integration of Codispersion in Ecological Studies**: Apply codispersion analysis to examine how environmental factors influence spatial patterns in DNA methylation, leveraging insights from ecological datasets to enrich genetic research.

5. **Robustness Analysis**: Employ Monte Carlo simulations to rigorously evaluate the robustness of the integrated models against data contamination, enhancing predictive accuracy in genomic studies.

This interdisciplinary approach fosters collaboration between computational biology, ecology, and statistical physics, aiming to provide a comprehensive framework for future genomic research that can adapt to the challenges presented by complex biological datasets.

=== 2025-02-05 17:12:53 ===
8


**Interdisciplinary Contribution: Safe Clinical Decision Support Systems (CDSS) Incorporating Adversarial Robustness**

Building on the ideas presented in the paper about adversarial attacks on deep predictive models used with electronic medical records (EHR), we could propose a novel framework for developing Safe Clinical Decision Support Systems (CDSS) that harness the strengths of both medical informatics and adversarial machine learning.

**Core Concept:**
The proposed CDSS would not only use advanced machine learning techniques to predict patient outcomes but also integrate adversarial robustness as a fundamental design principle. The framework would include mechanisms to identify and fortify vulnerable data points within medical records against adversarial perturbations, ensuring that clinicians receive more reliable support during patient care decisions.

**Key Features of the Interdisciplinary Framework:**

1. **Adversarial Training Protocol:**
   - The CDSS would incorporate a robust adversarial training model that actively seeks to identify susceptible locations in EHR. It would use a feedback loop where the system learns from adversarial attacks, dynamically adjusting its predictive algorithms to minimize vulnerabilities.

2. **Interpretability and Visualization Tools:**
   - Tools for visualizing susceptible events and features in patients' records could be developed. These tools would help healthcare professionals understand why certain predictions are made and highlight areas needing careful consideration to avoid erroneous clinical decisions.

3. **Real-time Monitoring and Alerts:**
   - Implementing a real-time monitoring system that flags unusual or suspicious changes in patient records. This component would provide alerts for substantial perturbations that may indicate potential adversarial tampering, enabling clinicians to investigate further.

4. **Ethical and Safety Standards:**
   - Establishing a set of ethical guidelines and safety standards to govern the use of AI in clinical settings, ensuring that the integration of machine learning insights does not compromise patient safety. This might include consent frameworks for data usage and ensuring transparency in how decisions are supported by the CDSS.

5. **Interdisciplinary Training Programs:**
   - Development of training programs that bring together data scientists, healthcare professionals, and ethicists to foster collaboration toward creating resilient and interpretable CDSS. These programs would focus on the shared goals of improving healthcare delivery while safeguarding against AI-induced risks.

6. **Comprehensive Testing Environments:**
   - Create robust testing environments to simulate a range of adversarial attacks on the CDSS, evaluating its performance in making accurate predictions and maintaining reliability under attack. This would involve collaboration with cybersecurity experts to develop realistic attack scenarios.

By taking these steps, we would facilitate the growth of Clinical Decision Support Systems that not only excel in predictive capabilities but are also fortified against manipulation, thus improving the overall safety and effectiveness of medical decision-making processes. The interdisciplinary perspective would bring together insights from machine learning, healthcare, ethics, and cybersecurity, enhancing the resilience and trustworthiness of AI in medicine.

=== 2025-02-05 17:13:15 ===
8


**Interdisciplinary Contribution: A Framework for Efficient Model Design Using Compression-Based Principles**

The intersection of machine learning, information theory, and cognitive science provides a fertile ground for an innovative framework that combines ideas from deep learning model description length, Solomonoff's theory of universal induction, and cognitive compression mechanisms used by the human brain.

**Proposed Framework: Cognitive Compression-Inspired Deep Learning (CCDL)**

1. **Conceptual Foundation:**
   The proposed framework would leverage the Minimum Description Length (MDL) principle not only as a mathematical tool for model evaluation but as an essential guide for model design. This acknowledges the importance of model simplicity and expressiveness, similar to how humans use cognitive shortcuts to understand complex environments.

2. **Cognitive-Diversity Regularization:**
   Inspired by human cognitive processes, a new regularization technique could be developed that encourages deep learning models to prioritize parameters that provide the most significant informational gain with respect to the training data. This would involve creating a framework where model complexity is penalized in favor of simplicity, reflecting the way the human brain tends to organize information efficiently.

3. **Adaptive Compression Techniques:**
   The framework would incorporate adaptive compression techniques that analyze the distribution of the dataset and tailor the encoding approach based on the nature of the input data. This could mitigate the pitfalls observed in the application of variational methods, driving researchers to explore encoding strategies similar to those used in human language and memory.

4. **Empirical Testing and Refinement:**
   By conducting experiments that compare the performance of CCDL with standard deep learning approaches, the framework could be iteratively refined. Insights from cognitive science studies could inform which compression strategies yield the best performance, leading to a potential paradigm shift in how models are evaluated and optimized.

5. **Applications in Interdisciplinary Fields:**
   The CCDL framework could find applications across various domains, including:
   - **Natural Language Processing (NLP):** Developing models that better capture human-like understanding and generation of language while being efficient.
   - **Computer Vision:** Creating models that can adaptively compress visual information, mimicking human visual processing and leading to better generalization on unseen data.
   - **Robotics:** Utilizing compressed representations of sensory input to enhance decision-making processes in dynamic environments.

By establishing this interdisciplinary contribution, the discussion on the relationship between model complexity, data representation, and cognitive approaches to understanding can be significantly deepened. This would not only potentially improve deep learning performance but also enhance our understanding of intelligence—both artificial and natural.

=== 2025-02-05 17:13:38 ===
8


Given the innovative algorithm introduced in “Breaking the gridlock in Mixture-of-Experts: Consistent and Efficient Algorithms,” the interdisciplinary contribution could center around combining concepts of machine learning, specifically the Mixture-of-Experts (MoE) framework, with insights from cognitive science and neuroscience regarding how humans learn and process information.

### Proposed Interdisciplinary Contribution: "Biologically-Inspired Mixture-of-Experts for Adaptive Learning"

1. **Motivation**:
   - Human learning is highly adaptive, with individuals drawing upon various "expertise" based on contextual relevance. By synthesizing this adaptive expertise model within the MoE frameworks and augmenting it with the proposed efficient and consistent learning algorithm, we could enhance the model's capability to dynamically allocate resources (experts) based on real-time feedback and changing conditions.

2. **Integration of Cognitive Models**:
   - Utilize cognitive theories of expertise formation and transfer (e.g., Anderson's ACT-R theory or the Elaboration theory) to design a gating mechanism that is not static but evolves based on the environment. This allows the model to learn which experts are most relevant in different scenarios, emulating the way humans adaptively select expertise based on context.

3. **Dynamic Expert Selection**:
   - Extend the current MoE framework to incorporate a meta-learning approach that allows the model to assess the utility of certain experts over time. Incorporate recurrent neural pathways inspired by GRUs to update expert relevance as new data is encountered.

4. **Feedback Mechanisms**:
   - Implement feedback loops derived from reinforcement learning principles, enabling the model to learn from performance outcomes and adjust expert selection dynamically. This could involve a form of "self-awareness" within the model, utilizing its past performance to inform expert selection in future tasks.

5. **Empirical Evaluation**:
   - Test the newly constructed model on real-world datasets and scenarios that require adaptability, such as personalized recommendation systems, adaptive user interfaces, or dynamic decision-making tasks.

6. **Neuromorphic Computing**:
   - Explore the application of this approach in neuromorphic computing frameworks where the MoE model can be implemented on brain-inspired architectures. This can leverage parallel processing and lower energy consumption methods by mimicking the brain's adaptive strategies for managing expertise.

By investigating this biologically-inspired, adaptable approach to the Mixture-of-Experts model, we would not only advance the theoretical understanding of which expert configurations yield optimal results under varying circumstances but also pave the way for the development of more robust, generalizable machine learning systems that exhibit human-like adaptability in their learning processes. This interdisciplinary blend could significantly impact AI applications in fields ranging from adaptive tutoring systems to intelligent agents in dynamic environments, ultimately enhancing user experience and model performance.

=== 2025-02-05 17:14:01 ===
8


The foundation laid by the paper on leveraging volume sampling for linear regression provides a promising avenue for interdisciplinary contributions, particularly when integrating concepts from statistics, machine learning, and computational optimization with aspects of data privacy and fairness frameworks in AI systems.

### Proposed Interdisciplinary Contribution: Privacy-Preserving Volume Sampling 

**1. Context and Motivation:**
In practical applications of machine learning, data privacy is a significant concern. This is particularly relevant in sensitive domains such as healthcare or finance, where the data of individuals must be protected while still allowing for effective modeling. The ability to effectively sample responses while maintaining rigorous statistical guarantees can help mitigate data privacy risks.

**2. Overview of the Framework:**
The proposed framework "Privacy-Preserving Volume Sampling (PPVS)" builds on the methodologies from the paper on leveraged volume sampling while incorporating differential privacy mechanisms:

- **Volume Sampling with Privacy**: Utilize the rescaled volume sampling technique to select samples in a way that ensures each selected data point can be treated as a representative subset of the overall dataset. The key innovation lies in modifying the sampling process to introduce noise (following differential privacy principles) in a manner that protects individual responses while allowing the algorithm to produce unbiased estimates.

- **Privacy Budget Management**: Establish a mechanism to manage the privacy budget when sampling the responses. This could involve determining a suitable mechanism to scale the privacy noise based on the combinatorial properties introduced in the volume sampling process, such that the privacy loss remains manageable while still achieving model performance.

**3. Algorithms and Implementation:**
Develop an algorithmic structure that leverages the properties of volume sampling mentioned in the original paper but incorporates a differential privacy layer:

- **Sampling Algorithm**: Create a two-layer sampling algorithm where the first layer involves the volume sampling technique (rescaled for efficient and unbiased estimation), while the second layer applies noise according to a calibrated distribution suitable for differential privacy.

- **Performance Evaluation**: Conduct theoretical and empirical evaluations to validate that the resulting weight vectors obtained from this sampling procedure maintain the desired approximation guarantee (1 + ε loss) while satisfying privacy constraints.

**4. Potential Applications:**
This interdisciplinary contribution has implications for several domains:
- **Healthcare Data Analysis**: Developing predictive models based on patient data while ensuring that individual patient privacy is respected.
- **Finance and Fraud Detection**: Utilizing sensitive transaction data for fraud detection algorithms without exposing customer details.
- **Fairness in AI**: Ensuring that the sampling process does not overrepresent certain groups, maintaining fairness while adhering to privacy standards.

**5. Future Directions:**
- **Generalization to Other Models**: Investigate the possibility of extending this hybrid framework beyond linear regression to other statistical and machine learning models, as well as to high-dimensional data.
- **Exploration of Combinatorial Impacts**: Further research on how the combinatorial aspects of point processes can enhance the multiplicity of applications that respect both performance guarantees and individual privacy.

Through this multidisciplinary lens, we capitalize on the strengths of statistical sampling methods and privacy-preserving algorithms, aiming for a robust framework that acknowledges the critical balance between precise modeling and ethical considerations.

=== 2025-02-05 17:14:24 ===
8


The paper on curriculum learning in the context of transfer learning highlights several innovative concepts that can lead to an interdisciplinary contribution focused on enhancing machine learning strategies in education or personalized learning environments. Here’s a proposal for an interdisciplinary contribution that integrates these ideas:

### Proposal: Development of an Adaptive E-Learning System Using Curriculum and Transfer Learning Principles

**Objective:**
To create an intelligent e-learning platform that employs principles from curriculum and transfer learning to optimize educational content delivery, thereby improving learning outcomes and engagement for students across various knowledge levels.

**Key Components:**

1. **Adaptive Curriculum Design:**
   - Utilize an algorithmic approach inspired by curriculum learning to structure educational content. Topics would be presented in ascending order of difficulty, determined by their intrinsic complexity and the learner's prior knowledge, much like the training of deep networks where easier tasks are learned first before moving to more challenging ones.

2. **Transfer Learning for Personalized Content:**
   - Implement transfer learning by allowing the system to analyze previous learners’ performance data (from various subjects or courses) to adapt the content delivery for individual users. This could involve using insights from a cohort's success with particular subjects or modules to inform the curriculum scheduling and content presentation for a new learner.

3. **Real-Time Feedback and Adjustment:**
   - Develop a feedback loop that assesses the learner’s performance in real-time (akin to loss computation in neural networks). If a learner struggles with specific topics, the system would adjust the curriculum to offer supplementary materials, easier tasks, or revisit foundational concepts that are pre-requisites to more difficult content.

4. **Robustness Against Learning Disabilities or Disruptive Environments:**
   - Design the platform so it is resilient to unfavorable learning conditions. For instance, if a student faces excessive distractions, the system could identify this through engagement metrics and modify the delivery pace or content intensity, similar to how curriculum learning demonstrates robustness against over-regularization.

5. **Empirical Evaluation and Continuous Improvement:**
   - Much like the empirical observations in the original curriculum learning paper, continuously evaluate the effectiveness of the proposed adaptive e-learning platform through quantitative measures (e.g., performance improvements, time to mastery) and qualitative feedback from students. Incorporate these findings to refine the algorithms governing curriculum and content adaptations.

6. **Collaborative Learning Network:**
   - Create a network where students can share their learning curves, difficulties, and effective strategies they have encountered. This can simulate peer influence and collective intelligence in learning, emulating the transfer learning concept by providing collaborative knowledge sharing and support.

**Potential Impact:**
This interdisciplinary e-learning system, integrating concepts from computer science and educational psychology, could lead to a more personalized and effective learning experience. It could effectively combine aspects of adaptive learning with advanced machine learning techniques, ultimately equipping learners with tailored educational journeys that optimize their individual learning paces and styles.

By bridging these domains, we can not only enhance machine learning theory but also directly address real-world challenges in education, leading to improved learning outcomes across diverse student populations.